# JRE version: OpenJDK Runtime Environment Temurin-21.0.9+10 (21.0.9+10) (build 21.0.9+10-LTS)
# Java VM: OpenJDK 64-Bit Server VM Temurin-21.0.9+10 (21.0.9+10-LTS, mixed mode, sharing, tiered, compressed oops, compressed class ptrs, parallel gc, windows-amd64)
GC Precious Log:
 CardTable entry size: 512
 CPUs: 2 total, 2 available
 Memory: 3499M
 Large Page Support: Disabled
 NUMA Support: Disabled
 Compressed Oops: Enabled (32-bit)
 Alignments: Space 512K, Generation 512K, Heap 2M
 Heap Min Capacity: 100M
 Heap Initial Capacity: 100M
 Heap Max Capacity: 2G
 Pre-touch: Disabled
 Parallel Workers: 2
Heap:
 PSYoungGen      total 4096K, used 486K [0x00000000d5580000, 0x00000000d5c80000, 0x0000000100000000)
  eden space 3584K, 11% used [0x00000000d5580000,0x00000000d55e9b10,0x00000000d5900000)
  from space 512K, 12% used [0x00000000d5c00000,0x00000000d5c10000,0x00000000d5c80000)
  to   space 512K, 0% used [0x00000000d5b80000,0x00000000d5b80000,0x00000000d5c00000)
 ParOldGen       total 664064K, used 351146K [0x0000000080000000, 0x00000000a8880000, 0x00000000d5580000)
  object space 664064K, 52% used [0x0000000080000000,0x00000000956ea808,0x00000000a8880000)
 Metaspace       used 92358K, committed 93888K, reserved 1179648K
  class space    used 9403K, committed 10112K, reserved 1048576K
GC Heap History (20 events):
Event: 4895.080 GC heap before
{Heap before GC invocations=2628 (full 5):
 PSYoungGen      total 5632K, used 5344K [0x00000000d5580000, 0x00000000d5e00000, 0x0000000100000000)
  eden space 5120K, 100% used [0x00000000d5580000,0x00000000d5a80000,0x00000000d5a80000)
  from space 512K, 43% used [0x00000000d5d80000,0x00000000d5db8040,0x00000000d5e00000)
  to   space 512K, 0% used [0x00000000d5d00000,0x00000000d5d00000,0x00000000d5d80000)
 ParOldGen       total 664064K, used 335093K [0x0000000080000000, 0x00000000a8880000, 0x00000000d5580000)
  object space 664064K, 50% used [0x0000000080000000,0x000000009473d488,0x00000000a8880000)
 Metaspace       used 92200K, committed 93696K, reserved 1179648K
  class space    used 9381K, committed 10048K, reserved 1048576K
}
Event: 4895.531 GC heap after
{Heap after GC invocations=2628 (full 5):
 PSYoungGen      total 5632K, used 486K [0x00000000d5580000, 0x00000000d5e00000, 0x0000000100000000)
  eden space 5120K, 0% used [0x00000000d5580000,0x00000000d5580000,0x00000000d5a80000)
  from space 512K, 94% used [0x00000000d5d00000,0x00000000d5d79850,0x00000000d5d80000)
  to   space 512K, 0% used [0x00000000d5d80000,0x00000000d5d80000,0x00000000d5e00000)
 ParOldGen       total 664064K, used 335491K [0x0000000080000000, 0x00000000a8880000, 0x00000000d5580000)
  object space 664064K, 50% used [0x0000000080000000,0x00000000947a0d18,0x00000000a8880000)
 Metaspace       used 92200K, committed 93696K, reserved 1179648K
  class space    used 9381K, committed 10048K, reserved 1048576K
}
Event: 4934.789 GC heap before
{Heap before GC invocations=2629 (full 5):
 PSYoungGen      total 5632K, used 5606K [0x00000000d5580000, 0x00000000d5e00000, 0x0000000100000000)
  eden space 5120K, 100% used [0x00000000d5580000,0x00000000d5a80000,0x00000000d5a80000)
  from space 512K, 94% used [0x00000000d5d00000,0x00000000d5d79850,0x00000000d5d80000)
  to   space 512K, 0% used [0x00000000d5d80000,0x00000000d5d80000,0x00000000d5e00000)
 ParOldGen       total 664064K, used 335491K [0x0000000080000000, 0x00000000a8880000, 0x00000000d5580000)
  object space 664064K, 50% used [0x0000000080000000,0x00000000947a0d18,0x00000000a8880000)
 Metaspace       used 92201K, committed 93696K, reserved 1179648K
  class space    used 9381K, committed 10048K, reserved 1048576K
}
Event: 4935.188 GC heap after
{Heap after GC invocations=2629 (full 5):
 PSYoungGen      total 4096K, used 512K [0x00000000d5580000, 0x00000000d6380000, 0x0000000100000000)
  eden space 3584K, 0% used [0x00000000d5580000,0x00000000d5580000,0x00000000d5900000)
  from space 512K, 100% used [0x00000000d5d80000,0x00000000d5e00000,0x00000000d5e00000)
  to   space 4608K, 0% used [0x00000000d5900000,0x00000000d5900000,0x00000000d5d80000)
 ParOldGen       total 664064K, used 338633K [0x0000000080000000, 0x00000000a8880000, 0x00000000d5580000)
  object space 664064K, 50% used [0x0000000080000000,0x0000000094ab25a8,0x00000000a8880000)
 Metaspace       used 92201K, committed 93696K, reserved 1179648K
  class space    used 9381K, committed 10048K, reserved 1048576K
}
Event: 4936.430 GC heap before
{Heap before GC invocations=2630 (full 5):
 PSYoungGen      total 4096K, used 4096K [0x00000000d5580000, 0x00000000d6380000, 0x0000000100000000)
  eden space 3584K, 100% used [0x00000000d5580000,0x00000000d5900000,0x00000000d5900000)
  from space 512K, 100% used [0x00000000d5d80000,0x00000000d5e00000,0x00000000d5e00000)
  to   space 4608K, 0% used [0x00000000d5900000,0x00000000d5900000,0x00000000d5d80000)
 ParOldGen       total 664064K, used 338633K [0x0000000080000000, 0x00000000a8880000, 0x00000000d5580000)
  object space 664064K, 50% used [0x0000000080000000,0x0000000094ab25a8,0x00000000a8880000)
 Metaspace       used 92202K, committed 93696K, reserved 1179648K
  class space    used 9381K, committed 10048K, reserved 1048576K
}
Event: 4936.537 GC heap after
{Heap after GC invocations=2630 (full 5):
 PSYoungGen      total 7168K, used 3430K [0x00000000d5580000, 0x00000000d6000000, 0x0000000100000000)
  eden space 3584K, 0% used [0x00000000d5580000,0x00000000d5580000,0x00000000d5900000)
  from space 3584K, 95% used [0x00000000d5900000,0x00000000d5c59b40,0x00000000d5c80000)
  to   space 3584K, 0% used [0x00000000d5c80000,0x00000000d5c80000,0x00000000d6000000)
 ParOldGen       total 664064K, used 339153K [0x0000000080000000, 0x00000000a8880000, 0x00000000d5580000)
  object space 664064K, 51% used [0x0000000080000000,0x0000000094b345a8,0x00000000a8880000)
 Metaspace       used 92202K, committed 93696K, reserved 1179648K
  class space    used 9381K, committed 10048K, reserved 1048576K
}
Event: 4936.584 GC heap before
{Heap before GC invocations=2631 (full 5):
 PSYoungGen      total 7168K, used 6779K [0x00000000d5580000, 0x00000000d6000000, 0x0000000100000000)
  eden space 3584K, 93% used [0x00000000d5580000,0x00000000d58c5200,0x00000000d5900000)
  from space 3584K, 95% used [0x00000000d5900000,0x00000000d5c59b40,0x00000000d5c80000)
  to   space 3584K, 0% used [0x00000000d5c80000,0x00000000d5c80000,0x00000000d6000000)
 ParOldGen       total 664064K, used 339153K [0x0000000080000000, 0x00000000a8880000, 0x00000000d5580000)
  object space 664064K, 51% used [0x0000000080000000,0x0000000094b345a8,0x00000000a8880000)
 Metaspace       used 92204K, committed 93696K, reserved 1179648K
  class space    used 9381K, committed 10048K, reserved 1048576K
}
Event: 4936.612 GC heap after
{Heap after GC invocations=2631 (full 5):
 PSYoungGen      total 7168K, used 2888K [0x00000000d5580000, 0x00000000d6000000, 0x0000000100000000)
  eden space 3584K, 0% used [0x00000000d5580000,0x00000000d5580000,0x00000000d5900000)
  from space 3584K, 80% used [0x00000000d5c80000,0x00000000d5f52000,0x00000000d6000000)
  to   space 3584K, 0% used [0x00000000d5900000,0x00000000d5900000,0x00000000d5c80000)
 ParOldGen       total 664064K, used 342803K [0x0000000080000000, 0x00000000a8880000, 0x00000000d5580000)
  object space 664064K, 51% used [0x0000000080000000,0x0000000094ec4e98,0x00000000a8880000)
 Metaspace       used 92204K, committed 93696K, reserved 1179648K
  class space    used 9381K, committed 10048K, reserved 1048576K
}
Event: 4936.663 GC heap before
{Heap before GC invocations=2632 (full 5):
 PSYoungGen      total 7168K, used 6472K [0x00000000d5580000, 0x00000000d6000000, 0x0000000100000000)
  eden space 3584K, 100% used [0x00000000d5580000,0x00000000d5900000,0x00000000d5900000)
  from space 3584K, 80% used [0x00000000d5c80000,0x00000000d5f52000,0x00000000d6000000)
  to   space 3584K, 0% used [0x00000000d5900000,0x00000000d5900000,0x00000000d5c80000)
 ParOldGen       total 664064K, used 342803K [0x0000000080000000, 0x00000000a8880000, 0x00000000d5580000)
  object space 664064K, 51% used [0x0000000080000000,0x0000000094ec4e98,0x00000000a8880000)
 Metaspace       used 92208K, committed 93696K, reserved 1179648K
  class space    used 9381K, committed 10048K, reserved 1048576K
}
Event: 4936.686 GC heap after
{Heap after GC invocations=2632 (full 5):
 PSYoungGen      total 7168K, used 3568K [0x00000000d5580000, 0x00000000d6100000, 0x0000000100000000)
  eden space 3584K, 0% used [0x00000000d5580000,0x00000000d5580000,0x00000000d5900000)
  from space 3584K, 99% used [0x00000000d5900000,0x00000000d5c7c220,0x00000000d5c80000)
  to   space 4096K, 0% used [0x00000000d5d00000,0x00000000d5d00000,0x00000000d6100000)
 ParOldGen       total 664064K, used 345299K [0x0000000080000000, 0x00000000a8880000, 0x00000000d5580000)
  object space 664064K, 51% used [0x0000000080000000,0x0000000095134e98,0x00000000a8880000)
 Metaspace       used 92208K, committed 93696K, reserved 1179648K
  class space    used 9381K, committed 10048K, reserved 1048576K
}
Event: 4936.877 GC heap before
{Heap before GC invocations=2633 (full 5):
 PSYoungGen      total 7168K, used 7145K [0x00000000d5580000, 0x00000000d6100000, 0x0000000100000000)
  eden space 3584K, 99% used [0x00000000d5580000,0x00000000d58fe3d0,0x00000000d5900000)
  from space 3584K, 99% used [0x00000000d5900000,0x00000000d5c7c220,0x00000000d5c80000)
  to   space 4096K, 0% used [0x00000000d5d00000,0x00000000d5d00000,0x00000000d6100000)
 ParOldGen       total 664064K, used 345299K [0x0000000080000000, 0x00000000a8880000, 0x00000000d5580000)
  object space 664064K, 51% used [0x0000000080000000,0x0000000095134e98,0x00000000a8880000)
 Metaspace       used 92209K, committed 93696K, reserved 1179648K
  class space    used 9381K, committed 10048K, reserved 1048576K
}
Event: 4936.905 GC heap after
{Heap after GC invocations=2633 (full 5):
 PSYoungGen      total 5632K, used 1664K [0x00000000d5580000, 0x00000000d5f00000, 0x0000000100000000)
  eden space 3584K, 0% used [0x00000000d5580000,0x00000000d5580000,0x00000000d5900000)
  from space 2048K, 81% used [0x00000000d5d00000,0x00000000d5ea0010,0x00000000d5f00000)
  to   space 2560K, 0% used [0x00000000d5a00000,0x00000000d5a00000,0x00000000d5c80000)
 ParOldGen       total 664064K, used 348844K [0x0000000080000000, 0x00000000a8880000, 0x00000000d5580000)
  object space 664064K, 52% used [0x0000000080000000,0x00000000954ab0b8,0x00000000a8880000)
 Metaspace       used 92209K, committed 93696K, reserved 1179648K
  class space    used 9381K, committed 10048K, reserved 1048576K
}
Event: 4937.115 GC heap before
{Heap before GC invocations=2634 (full 5):
 PSYoungGen      total 5632K, used 5248K [0x00000000d5580000, 0x00000000d5f00000, 0x0000000100000000)
  eden space 3584K, 100% used [0x00000000d5580000,0x00000000d5900000,0x00000000d5900000)
  from space 2048K, 81% used [0x00000000d5d00000,0x00000000d5ea0010,0x00000000d5f00000)
  to   space 2560K, 0% used [0x00000000d5a00000,0x00000000d5a00000,0x00000000d5c80000)
 ParOldGen       total 664064K, used 348844K [0x0000000080000000, 0x00000000a8880000, 0x00000000d5580000)
  object space 664064K, 52% used [0x0000000080000000,0x00000000954ab0b8,0x00000000a8880000)
 Metaspace       used 92214K, committed 93696K, reserved 1179648K
  class space    used 9381K, committed 10048K, reserved 1048576K
}
Event: 4937.140 GC heap after
{Heap after GC invocations=2634 (full 5):
 PSYoungGen      total 5120K, used 1136K [0x00000000d5580000, 0x00000000d5d80000, 0x0000000100000000)
  eden space 3584K, 0% used [0x00000000d5580000,0x00000000d5580000,0x00000000d5900000)
  from space 1536K, 73% used [0x00000000d5a00000,0x00000000d5b1c030,0x00000000d5b80000)
  to   space 1536K, 0% used [0x00000000d5c00000,0x00000000d5c00000,0x00000000d5d80000)
 ParOldGen       total 664064K, used 350473K [0x0000000080000000, 0x00000000a8880000, 0x00000000d5580000)
  object space 664064K, 52% used [0x0000000080000000,0x0000000095642548,0x00000000a8880000)
 Metaspace       used 92214K, committed 93696K, reserved 1179648K
  class space    used 9381K, committed 10048K, reserved 1048576K
}
Event: 4937.449 GC heap before
{Heap before GC invocations=2635 (full 5):
 PSYoungGen      total 5120K, used 4720K [0x00000000d5580000, 0x00000000d5d80000, 0x0000000100000000)
  eden space 3584K, 100% used [0x00000000d5580000,0x00000000d5900000,0x00000000d5900000)
  from space 1536K, 73% used [0x00000000d5a00000,0x00000000d5b1c030,0x00000000d5b80000)
  to   space 1536K, 0% used [0x00000000d5c00000,0x00000000d5c00000,0x00000000d5d80000)
 ParOldGen       total 664064K, used 350473K [0x0000000080000000, 0x00000000a8880000, 0x00000000d5580000)
  object space 664064K, 52% used [0x0000000080000000,0x0000000095642548,0x00000000a8880000)
 Metaspace       used 92230K, committed 93696K, reserved 1179648K
  class space    used 9384K, committed 10048K, reserved 1048576K
}
Event: 4937.462 GC heap after
{Heap after GC invocations=2635 (full 5):
 PSYoungGen      total 4608K, used 544K [0x00000000d5580000, 0x00000000d5d00000, 0x0000000100000000)
  eden space 3584K, 0% used [0x00000000d5580000,0x00000000d5580000,0x00000000d5900000)
  from space 1024K, 53% used [0x00000000d5c00000,0x00000000d5c88000,0x00000000d5d00000)
  to   space 1024K, 0% used [0x00000000d5b00000,0x00000000d5b00000,0x00000000d5c00000)
 ParOldGen       total 664064K, used 350981K [0x0000000080000000, 0x00000000a8880000, 0x00000000d5580000)
  object space 664064K, 52% used [0x0000000080000000,0x00000000956c1578,0x00000000a8880000)
 Metaspace       used 92230K, committed 93696K, reserved 1179648K
  class space    used 9384K, committed 10048K, reserved 1048576K
}
Event: 5070.773 GC heap before
{Heap before GC invocations=2636 (full 5):
 PSYoungGen      total 4608K, used 4128K [0x00000000d5580000, 0x00000000d5d00000, 0x0000000100000000)
  eden space 3584K, 100% used [0x00000000d5580000,0x00000000d5900000,0x00000000d5900000)
  from space 1024K, 53% used [0x00000000d5c00000,0x00000000d5c88000,0x00000000d5d00000)
  to   space 1024K, 0% used [0x00000000d5b00000,0x00000000d5b00000,0x00000000d5c00000)
 ParOldGen       total 664064K, used 350981K [0x0000000080000000, 0x00000000a8880000, 0x00000000d5580000)
  object space 664064K, 52% used [0x0000000080000000,0x00000000956c1578,0x00000000a8880000)
 Metaspace       used 92234K, committed 93696K, reserved 1179648K
  class space    used 9384K, committed 10048K, reserved 1048576K
}
Event: 5071.289 GC heap after
{Heap after GC invocations=2636 (full 5):
 PSYoungGen      total 4608K, used 64K [0x00000000d5580000, 0x00000000d5c80000, 0x0000000100000000)
  eden space 3584K, 0% used [0x00000000d5580000,0x00000000d5580000,0x00000000d5900000)
  from space 1024K, 6% used [0x00000000d5b00000,0x00000000d5b10000,0x00000000d5c00000)
  to   space 512K, 0% used [0x00000000d5c00000,0x00000000d5c00000,0x00000000d5c80000)
 ParOldGen       total 664064K, used 351130K [0x0000000080000000, 0x00000000a8880000, 0x00000000d5580000)
  object space 664064K, 52% used [0x0000000080000000,0x00000000956e6808,0x00000000a8880000)
 Metaspace       used 92234K, committed 93696K, reserved 1179648K
  class space    used 9384K, committed 10048K, reserved 1048576K
}
Event: 5239.106 GC heap before
{Heap before GC invocations=2637 (full 5):
 PSYoungGen      total 4608K, used 3647K [0x00000000d5580000, 0x00000000d5c80000, 0x0000000100000000)
  eden space 3584K, 99% used [0x00000000d5580000,0x00000000d58ffff8,0x00000000d5900000)
  from space 1024K, 6% used [0x00000000d5b00000,0x00000000d5b10000,0x00000000d5c00000)
  to   space 512K, 0% used [0x00000000d5c00000,0x00000000d5c00000,0x00000000d5c80000)
 ParOldGen       total 664064K, used 351130K [0x0000000080000000, 0x00000000a8880000, 0x00000000d5580000)
  object space 664064K, 52% used [0x0000000080000000,0x00000000956e6808,0x00000000a8880000)
 Metaspace       used 92333K, committed 93888K, reserved 1179648K
  class space    used 9397K, committed 10112K, reserved 1048576K
}
Event: 5239.664 GC heap after
{Heap after GC invocations=2637 (full 5):
 PSYoungGen      total 4096K, used 64K [0x00000000d5580000, 0x00000000d5c80000, 0x0000000100000000)
  eden space 3584K, 0% used [0x00000000d5580000,0x00000000d5580000,0x00000000d5900000)
  from space 512K, 12% used [0x00000000d5c00000,0x00000000d5c10000,0x00000000d5c80000)
  to   space 512K, 0% used [0x00000000d5b80000,0x00000000d5b80000,0x00000000d5c00000)
 ParOldGen       total 664064K, used 351146K [0x0000000080000000, 0x00000000a8880000, 0x00000000d5580000)
  object space 664064K, 52% used [0x0000000080000000,0x00000000956ea808,0x00000000a8880000)
 Metaspace       used 92333K, committed 93888K, reserved 1179648K
  class space    used 9397K, committed 10112K, reserved 1048576K
}

